<?xml version="1.0" encoding="UTF-8"?>
<!-- Generated by org.testng.reporters.JUnitXMLReporter -->
<testsuite ignored="0" hostname="DESKTOP-P726SDL" failures="0" tests="5" name="Test" time="0.26" errors="0" timestamp="2022-07-03T23:34:03 IST">
  <testcase classname="com.TestNG.Yyyt" name="meth1" time="0.029"/>
  <testcase classname="com.TestNG.Yyyt" name="meth2" time="0.006"/>
  <testcase classname="com.TestNG.Yyyt" name="meth3" time="0.006"/>
  <testcase classname="com.TestNG.Yyyt" name="meth4" time="0.003"/>
  <testcase classname="com.TestNG.Yyyt" name="meth5" time="0.003"/>
</testsuite> <!-- Test -->
