<?xml version="1.0" encoding="UTF-8"?>
<!-- Generated by org.testng.reporters.JUnitXMLReporter -->
<testsuite ignored="1" hostname="DESKTOP-P726SDL" failures="0" tests="4" name="Test" time="0.522" errors="0" timestamp="03 Jul 2022 19:06:05 GMT">
  <testcase classname="com.TestNG.Yyyt" name="meth1" time="0.116"/>
  <testcase classname="com.TestNG.Yyyt" name="meth2" time="0.003"/>
  <testcase classname="com.TestNG.Yyyt" name="meth3" time="0.002"/>
  <testcase classname="com.TestNG.Yyyt" name="meth5" time="0.004"/>
  <testcase classname="com.TestNG.Yyyt" name="meth4" time="0.0">
    <ignored/>
  </testcase> <!-- meth4 -->
</testsuite> <!-- Test -->
